<?xml version="1.0" encoding="UTF-8"?>
<!-- Generated by org.testng.reporters.JUnitReportReporter -->
<testsuite hostname="DESKTOP-Lenovo" failures="0" tests="1" name="testCases.Test_Login" time="4.947" errors="0" timestamp="2024-05-18T00:03:21 IST" skipped="0">
  <testcase classname="testCases.Test_Login" name="logIn" time="4.947"/>
</testsuite> <!-- testCases.Test_Login -->
